<?xml version="1.0" encoding="UTF-8"?>
<!-- Generated by org.testng.reporters.JUnitReportReporter -->
<testsuite hostname="IT07" failures="0" tests="1" name="TestCases.LoginTestCase" time="1.740" errors="0" timestamp="2024-04-25T12:40:30 IST" skipped="0">
  <testcase classname="TestCases.LoginTestCase" name="TC_oo1" time="1.740"/>
  <system-out/>
</testsuite> <!-- TestCases.LoginTestCase -->
